Info in <ReadCaLibData>: Registered 32 data definitions
Info in <ReadCaLibTypes>: Registered 23 type definitions
Info in <ReadConfigFile>: Reading configuration file '/home/chrism/BaselFarm/sw/CaLib/config/config.cfg'
Info in <TCMySQLManager>: Connected to the database '$HOME/BaselFarm/CaLib_DB/Aug_16/CaLib.db' using CaLib 0.3.0beta
Info in <DumpRuns>: Dumped run 14566
Info in <DumpRuns>: Dumped run 14567
Info in <DumpRuns>: Dumped run 14576
Info in <DumpRuns>: Dumped run 14577
Info in <DumpRuns>: Dumped run 14578
Info in <DumpRuns>: Dumped run 14579
Info in <DumpRuns>: Dumped run 14580
Info in <DumpRuns>: Dumped run 14581
Info in <DumpRuns>: Dumped run 14582
Info in <DumpRuns>: Dumped run 14583
Info in <DumpRuns>: Dumped run 14584
Info in <DumpRuns>: Dumped run 14585
Info in <DumpRuns>: Dumped run 14586
Info in <DumpRuns>: Dumped run 14587
Info in <DumpRuns>: Dumped run 14588
Info in <DumpRuns>: Dumped run 14589
Info in <DumpRuns>: Dumped run 14590
Info in <DumpRuns>: Dumped run 14591
Info in <DumpRuns>: Dumped run 14592
Info in <DumpRuns>: Dumped run 14593
Info in <DumpRuns>: Dumped run 14594
Info in <DumpRuns>: Dumped run 14595
Info in <DumpRuns>: Dumped run 14596
Info in <DumpRuns>: Dumped run 14597
Info in <DumpRuns>: Dumped run 14598
Info in <DumpRuns>: Dumped run 14602
Info in <DumpRuns>: Dumped run 14603
Info in <DumpRuns>: Dumped run 14604
Info in <DumpRuns>: Dumped run 14605
Info in <DumpRuns>: Dumped run 14606
Info in <DumpRuns>: Dumped run 14607
Info in <DumpRuns>: Dumped run 14608
Info in <DumpRuns>: Dumped run 14609
Info in <DumpRuns>: Dumped run 14610
Info in <DumpRuns>: Dumped run 14611
Info in <DumpRuns>: Dumped run 14612
Info in <DumpRuns>: Dumped run 14613
Info in <DumpRuns>: Dumped run 14614
Info in <DumpRuns>: Dumped run 14615
Info in <DumpRuns>: Dumped run 14616
Info in <DumpRuns>: Dumped run 14617
Info in <DumpRuns>: Dumped run 14618
Info in <DumpRuns>: Dumped run 14619
Info in <DumpRuns>: Dumped run 14620
Info in <DumpRuns>: Dumped run 14624
Info in <DumpRuns>: Dumped run 14625
Info in <DumpRuns>: Dumped run 14626
Info in <DumpRuns>: Dumped run 14627
Info in <DumpRuns>: Dumped run 14628
Info in <DumpRuns>: Dumped run 14629
Info in <DumpRuns>: Dumped run 14630
Info in <DumpRuns>: Dumped run 14631
Info in <DumpRuns>: Dumped run 14632
Info in <DumpRuns>: Dumped run 14633
Info in <DumpRuns>: Dumped run 14634
Info in <DumpRuns>: Dumped run 14635
Info in <DumpRuns>: Dumped run 14636
Info in <DumpRuns>: Dumped run 14637
Info in <DumpRuns>: Dumped run 14638
Info in <DumpRuns>: Dumped run 14639
Info in <DumpRuns>: Dumped run 14640
Info in <DumpRuns>: Dumped run 14641
Info in <DumpRuns>: Dumped run 14642
Info in <DumpRuns>: Dumped run 14643
Info in <DumpRuns>: Dumped run 14644
Info in <DumpRuns>: Dumped run 14645
Info in <DumpRuns>: Dumped run 14647
Info in <DumpRuns>: Dumped run 14648
Info in <DumpRuns>: Dumped run 14649
Info in <DumpRuns>: Dumped run 14650
Info in <DumpRuns>: Dumped run 14651
Info in <DumpRuns>: Dumped run 14652
Info in <DumpRuns>: Dumped run 14653
Info in <DumpRuns>: Dumped run 14654
Info in <DumpRuns>: Dumped run 14655
Info in <DumpRuns>: Dumped run 14656
Info in <DumpRuns>: Dumped run 14657
Info in <DumpRuns>: Dumped run 14658
Info in <DumpRuns>: Dumped run 14659
Info in <DumpRuns>: Dumped run 14660
Info in <DumpRuns>: Dumped run 14661
Info in <DumpRuns>: Dumped run 14662
Info in <DumpRuns>: Dumped run 14663
Info in <DumpRuns>: Dumped run 14664
Info in <DumpRuns>: Dumped run 14670
Info in <DumpRuns>: Dumped run 14671
Info in <DumpRuns>: Dumped run 14672
Info in <DumpRuns>: Dumped run 14673
Info in <DumpRuns>: Dumped run 14674
Info in <DumpRuns>: Dumped run 14675
Info in <DumpRuns>: Dumped run 14676
Info in <DumpRuns>: Dumped run 14677
Info in <DumpRuns>: Dumped run 14678
Info in <DumpRuns>: Dumped run 14679
Info in <DumpRuns>: Dumped run 14680
Info in <DumpRuns>: Dumped run 14681
Info in <DumpRuns>: Dumped run 14682
Info in <DumpRuns>: Dumped run 14683
Info in <DumpRuns>: Dumped run 14684
Info in <DumpRuns>: Dumped run 14685
Info in <DumpRuns>: Dumped run 14686
Info in <DumpRuns>: Dumped run 14687
Info in <DumpRuns>: Dumped run 14688
Info in <DumpRuns>: Dumped run 14689
Info in <DumpRuns>: Dumped run 14690
Info in <DumpRuns>: Dumped run 14691
Info in <DumpRuns>: Dumped run 14692
Info in <DumpRuns>: Dumped run 14693
Info in <DumpRuns>: Dumped run 14694
Info in <DumpRuns>: Dumped run 14695
Info in <DumpRuns>: Dumped run 14696
Info in <DumpRuns>: Dumped run 14697
Info in <DumpRuns>: Dumped run 14698
Info in <DumpRuns>: Dumped run 14699
Info in <DumpRuns>: Dumped run 14700
Info in <DumpRuns>: Dumped run 14701
Info in <DumpRuns>: Dumped run 14702
Info in <DumpRuns>: Dumped run 14703
Info in <DumpRuns>: Dumped run 14704
Info in <DumpRuns>: Dumped run 14705
Info in <DumpRuns>: Dumped run 14706
Info in <DumpRuns>: Dumped run 14707
Info in <DumpRuns>: Dumped run 14708
Info in <DumpRuns>: Dumped run 14709
Info in <DumpRuns>: Dumped run 14710
Info in <DumpRuns>: Dumped run 14711
Info in <DumpRuns>: Dumped run 14712
Info in <DumpRuns>: Dumped run 14713
Info in <DumpRuns>: Dumped run 14714
Info in <DumpRuns>: Dumped run 14715
Info in <DumpRuns>: Dumped run 14716
Info in <DumpRuns>: Dumped run 14717
Info in <DumpRuns>: Dumped run 14718
Info in <DumpRuns>: Dumped run 14719
Info in <DumpRuns>: Dumped run 14720
Info in <DumpRuns>: Dumped run 14721
Info in <DumpRuns>: Dumped run 14722
Info in <DumpRuns>: Dumped run 14723
Info in <DumpRuns>: Dumped run 14724
Info in <DumpRuns>: Dumped run 14725
Info in <DumpRuns>: Dumped run 14726
Info in <DumpRuns>: Dumped run 14727
Info in <DumpRuns>: Dumped run 14728
Info in <DumpRuns>: Dumped run 14729
Info in <DumpRuns>: Dumped run 14730
Info in <DumpRuns>: Dumped run 14731
Info in <DumpRuns>: Dumped run 14732
Info in <DumpRuns>: Dumped run 14733
Info in <DumpRuns>: Dumped run 14734
Info in <DumpRuns>: Dumped run 14735
Info in <DumpRuns>: Dumped run 14736
Info in <DumpRuns>: Dumped run 14737
Info in <DumpRuns>: Dumped run 14738
Info in <DumpRuns>: Dumped run 14739
Info in <DumpRuns>: Dumped run 14740
Info in <DumpRuns>: Dumped run 14741
Info in <DumpRuns>: Dumped run 14742
Info in <DumpRuns>: Dumped run 14743
Info in <DumpRuns>: Dumped run 14744
Info in <DumpRuns>: Dumped run 14745
Info in <DumpRuns>: Dumped run 14746
Info in <DumpRuns>: Dumped run 14747
Info in <DumpRuns>: Dumped run 14748
Info in <DumpRuns>: Dumped run 14749
Info in <DumpRuns>: Dumped run 14753
Info in <DumpRuns>: Dumped run 14754
Info in <DumpRuns>: Dumped run 14755
Info in <DumpRuns>: Dumped run 14756
Info in <DumpRuns>: Dumped run 14757
Info in <DumpRuns>: Dumped run 14758
Info in <DumpRuns>: Dumped run 14759
Info in <DumpRuns>: Dumped run 14760
Info in <DumpRuns>: Dumped run 14761
Info in <DumpRuns>: Dumped run 14762
Info in <DumpRuns>: Dumped run 14763
Info in <DumpRuns>: Dumped run 14764
Info in <DumpRuns>: Dumped run 14765
Info in <DumpRuns>: Dumped run 14766
Info in <DumpRuns>: Dumped run 14767
Info in <DumpRuns>: Dumped run 14768
Info in <DumpRuns>: Dumped run 14769
Info in <DumpRuns>: Dumped run 14770
Info in <DumpRuns>: Dumped run 14771
Info in <DumpRuns>: Dumped run 14777
Info in <DumpRuns>: Dumped run 14778
Info in <DumpRuns>: Dumped run 14779
Info in <DumpRuns>: Dumped run 14780
Info in <DumpRuns>: Dumped run 14781
Info in <DumpRuns>: Dumped run 14782
Info in <DumpRuns>: Dumped run 14783
Info in <DumpRuns>: Dumped run 14784
Info in <DumpRuns>: Dumped run 14785
Info in <DumpRuns>: Dumped run 14786
Info in <DumpRuns>: Dumped run 14787
Info in <DumpRuns>: Dumped run 14788
Info in <DumpRuns>: Dumped run 14789
Info in <DumpRuns>: Dumped run 14790
Info in <DumpRuns>: Dumped run 14791
Info in <DumpRuns>: Dumped run 14792
Info in <DumpRuns>: Dumped run 14793
Info in <DumpRuns>: Dumped run 14794
Info in <DumpRuns>: Dumped run 14795
Info in <DumpRuns>: Dumped run 14796
Info in <DumpRuns>: Dumped run 14797
Info in <DumpRuns>: Dumped run 14798
Info in <DumpRuns>: Dumped run 14799
Info in <DumpRuns>: Dumped run 14800
Info in <DumpRuns>: Dumped run 14801
Info in <DumpRuns>: Dumped run 14802
Info in <DumpRuns>: Dumped run 14803
Info in <DumpRuns>: Dumped run 14804
Info in <DumpRuns>: Dumped run 14805
Info in <DumpRuns>: Dumped run 14806
Info in <DumpRuns>: Dumped run 14807
Info in <DumpRuns>: Dumped run 14808
Info in <DumpRuns>: Dumped run 14809
Info in <DumpRuns>: Dumped run 14810
Info in <DumpRuns>: Dumped run 14811
Info in <DumpRuns>: Dumped run 14812
Info in <DumpRuns>: Dumped run 14813
Info in <DumpRuns>: Dumped run 14814
Info in <DumpRuns>: Dumped run 14815
Info in <DumpRuns>: Dumped run 14816
Info in <DumpRuns>: Dumped run 14817
Info in <DumpRuns>: Dumped run 14818
Info in <DumpRuns>: Dumped run 14819
Info in <DumpRuns>: Dumped run 14820
Info in <DumpRuns>: Dumped run 14821
Info in <DumpRuns>: Dumped run 14822
Info in <DumpRuns>: Dumped run 14823
Info in <DumpRuns>: Dumped run 14824
Info in <DumpRuns>: Dumped run 14825
Info in <DumpRuns>: Dumped run 14826
Info in <DumpRuns>: Dumped run 14827
Info in <DumpRuns>: Dumped run 14828
Info in <DumpRuns>: Dumped run 14829
Info in <DumpRuns>: Dumped run 14830
Info in <DumpRuns>: Dumped run 14831
Info in <DumpRuns>: Dumped run 14832
Info in <DumpRuns>: Dumped run 14833
Info in <DumpRuns>: Dumped run 14834
Info in <DumpRuns>: Dumped run 14835
Info in <DumpRuns>: Dumped run 14836
Info in <DumpRuns>: Dumped run 14837
Info in <DumpRuns>: Dumped run 14838
Info in <DumpRuns>: Dumped run 14839
Info in <DumpRuns>: Dumped run 14840
Info in <DumpRuns>: Dumped run 14841
Info in <DumpRuns>: Dumped run 14842
Info in <DumpRuns>: Dumped run 14843
Info in <DumpRuns>: Dumped run 14844
Info in <DumpRuns>: Dumped run 14845
Info in <DumpRuns>: Dumped run 14846
Info in <DumpRuns>: Dumped run 14847
Info in <DumpRuns>: Dumped run 14848
Info in <DumpRuns>: Dumped run 14849
Info in <DumpRuns>: Dumped run 14850
Info in <DumpRuns>: Dumped run 14851
Info in <DumpRuns>: Dumped run 14852
Info in <DumpRuns>: Dumped run 14853
Info in <DumpRuns>: Dumped run 14854
Info in <DumpRuns>: Dumped run 14855
Info in <DumpRuns>: Dumped run 14856
Info in <DumpRuns>: Dumped run 14857
Info in <DumpRuns>: Dumped run 14858
Info in <DumpRuns>: Dumped run 14859
Info in <DumpRuns>: Dumped run 14860
Info in <DumpRuns>: Dumped run 14861
Info in <DumpRuns>: Dumped run 14862
Info in <DumpRuns>: Dumped run 14863
Info in <DumpRuns>: Dumped run 14864
Info in <DumpRuns>: Dumped run 14865
Info in <DumpRuns>: Dumped run 14866
Info in <DumpRuns>: Dumped run 14867
Info in <DumpRuns>: Dumped run 14868
Info in <DumpRuns>: Dumped run 14869
Info in <DumpRuns>: Dumped run 14870
Info in <DumpRuns>: Dumped run 14871
Info in <DumpRuns>: Dumped run 14872
Info in <DumpRuns>: Dumped run 14873
Info in <DumpRuns>: Dumped run 14874
Info in <DumpRuns>: Dumped run 14875
Info in <DumpRuns>: Dumped run 14876
Info in <DumpRuns>: Dumped run 14877
Info in <DumpRuns>: Dumped run 14878
Info in <DumpRuns>: Dumped run 14879
Info in <DumpRuns>: Dumped run 14880
Info in <DumpRuns>: Dumped run 14881
Info in <DumpRuns>: Dumped run 14882
Info in <DumpRuns>: Dumped run 14883
Info in <DumpRuns>: Dumped run 14884
Info in <DumpRuns>: Dumped run 14885
Info in <DumpRuns>: Dumped run 14886
Info in <DumpRuns>: Dumped run 14887
Info in <DumpRuns>: Dumped run 14888
Info in <DumpRuns>: Dumped run 14893
Info in <DumpRuns>: Dumped run 14894
Info in <DumpRuns>: Dumped run 14895
Info in <DumpRuns>: Dumped run 14896
Info in <DumpRuns>: Dumped run 14897
Info in <DumpRuns>: Dumped run 14898
Info in <DumpRuns>: Dumped run 14899
Info in <DumpRuns>: Dumped run 14900
Info in <DumpRuns>: Dumped run 14901
Info in <DumpRuns>: Dumped run 14902
Info in <DumpRuns>: Dumped run 14903
Info in <DumpRuns>: Dumped run 14904
Info in <DumpRuns>: Dumped run 14905
Info in <DumpRuns>: Dumped run 14906
Info in <DumpRuns>: Dumped run 14907
Info in <DumpRuns>: Dumped run 14908
Info in <DumpRuns>: Dumped run 14910
Info in <DumpRuns>: Dumped run 14911
Info in <DumpRuns>: Dumped run 14912
Info in <DumpRuns>: Dumped run 14913
Info in <DumpRuns>: Dumped run 14914
Info in <DumpRuns>: Dumped run 14915
Info in <DumpRuns>: Dumped run 14916
Info in <DumpRuns>: Dumped run 14917
Info in <DumpRuns>: Dumped run 14918
Info in <DumpRuns>: Dumped run 14919
Info in <DumpRuns>: Dumped run 14920
Info in <DumpRuns>: Dumped run 14921
Info in <DumpRuns>: Dumped run 14922
Info in <DumpRuns>: Dumped run 14923
Info in <DumpRuns>: Dumped run 14924
Info in <DumpRuns>: Dumped run 14925
Info in <DumpRuns>: Dumped run 14926
Info in <DumpRuns>: Dumped run 14927
Info in <DumpRuns>: Dumped run 14928
Info in <DumpRuns>: Dumped run 14929
Info in <DumpRuns>: Dumped run 14930
Info in <DumpRuns>: Dumped run 14931
Info in <DumpRuns>: Dumped run 14932
Info in <DumpRuns>: Dumped run 14933
Info in <DumpRuns>: Dumped run 14934
Info in <DumpRuns>: Dumped run 14935
Info in <DumpRuns>: Dumped run 14936
Info in <DumpRuns>: Dumped run 14937
Info in <DumpRuns>: Dumped run 14938
Info in <DumpRuns>: Dumped run 14939
Info in <DumpRuns>: Dumped run 14940
Info in <DumpRuns>: Dumped run 14941
Info in <DumpRuns>: Dumped run 14942
Info in <DumpRuns>: Dumped run 14943
Info in <DumpRuns>: Dumped run 14944
Info in <DumpRuns>: Dumped run 14945
Info in <DumpRuns>: Dumped run 14946
Info in <DumpRuns>: Dumped run 14947
Info in <DumpRuns>: Dumped run 14948
Info in <DumpRuns>: Dumped run 14949
Info in <DumpRuns>: Dumped run 14950
Info in <DumpRuns>: Dumped run 14951
Info in <DumpRuns>: Dumped run 14952
Info in <DumpRuns>: Dumped run 14954
Info in <DumpRuns>: Dumped run 14955
Info in <DumpRuns>: Dumped run 14956
Info in <DumpRuns>: Dumped run 14957
Info in <DumpRuns>: Dumped run 14958
Info in <DumpRuns>: Dumped run 999999
Info in <ReadParameters>: Read 352 parameters of 'Tagger time offset' from the database
Info in <DumpCalibrations>: Dumped 1 sets of 'Tagger time offset' of the calibration 'Deuterium_Aug_16'
Info in <DumpRuns>: Dumped run 14566
Info in <DumpRuns>: Dumped run 14567
Info in <DumpRuns>: Dumped run 14576
Info in <DumpRuns>: Dumped run 14577
Info in <DumpRuns>: Dumped run 14578
Info in <DumpRuns>: Dumped run 14579
Info in <DumpRuns>: Dumped run 14580
Info in <DumpRuns>: Dumped run 14581
Info in <DumpRuns>: Dumped run 14582
Info in <DumpRuns>: Dumped run 14583
Info in <DumpRuns>: Dumped run 14584
Info in <DumpRuns>: Dumped run 14585
Info in <DumpRuns>: Dumped run 14586
Info in <DumpRuns>: Dumped run 14587
Info in <DumpRuns>: Dumped run 14588
Info in <DumpRuns>: Dumped run 14589
Info in <DumpRuns>: Dumped run 14590
Info in <DumpRuns>: Dumped run 14591
Info in <DumpRuns>: Dumped run 14592
Info in <DumpRuns>: Dumped run 14593
Info in <DumpRuns>: Dumped run 14594
Info in <DumpRuns>: Dumped run 14595
Info in <DumpRuns>: Dumped run 14596
Info in <DumpRuns>: Dumped run 14597
Info in <DumpRuns>: Dumped run 14598
Info in <DumpRuns>: Dumped run 14602
Info in <DumpRuns>: Dumped run 14603
Info in <DumpRuns>: Dumped run 14604
Info in <DumpRuns>: Dumped run 14605
Info in <DumpRuns>: Dumped run 14606
Info in <DumpRuns>: Dumped run 14607
Info in <DumpRuns>: Dumped run 14608
Info in <DumpRuns>: Dumped run 14609
Info in <DumpRuns>: Dumped run 14610
Info in <DumpRuns>: Dumped run 14611
Info in <DumpRuns>: Dumped run 14612
Info in <DumpRuns>: Dumped run 14613
Info in <DumpRuns>: Dumped run 14614
Info in <DumpRuns>: Dumped run 14615
Info in <DumpRuns>: Dumped run 14616
Info in <DumpRuns>: Dumped run 14617
Info in <DumpRuns>: Dumped run 14618
Info in <DumpRuns>: Dumped run 14619
Info in <DumpRuns>: Dumped run 14620
Info in <DumpRuns>: Dumped run 14624
Info in <DumpRuns>: Dumped run 14625
Info in <DumpRuns>: Dumped run 14626
Info in <DumpRuns>: Dumped run 14627
Info in <DumpRuns>: Dumped run 14628
Info in <DumpRuns>: Dumped run 14629
Info in <DumpRuns>: Dumped run 14630
Info in <DumpRuns>: Dumped run 14631
Info in <DumpRuns>: Dumped run 14632
Info in <DumpRuns>: Dumped run 14633
Info in <DumpRuns>: Dumped run 14634
Info in <DumpRuns>: Dumped run 14635
Info in <DumpRuns>: Dumped run 14636
Info in <DumpRuns>: Dumped run 14637
Info in <DumpRuns>: Dumped run 14638
Info in <DumpRuns>: Dumped run 14639
Info in <DumpRuns>: Dumped run 14640
Info in <DumpRuns>: Dumped run 14641
Info in <DumpRuns>: Dumped run 14642
Info in <DumpRuns>: Dumped run 14643
Info in <DumpRuns>: Dumped run 14644
Info in <DumpRuns>: Dumped run 14645
Info in <DumpRuns>: Dumped run 14647
Info in <DumpRuns>: Dumped run 14648
Info in <DumpRuns>: Dumped run 14649
Info in <DumpRuns>: Dumped run 14650
Info in <DumpRuns>: Dumped run 14651
Info in <DumpRuns>: Dumped run 14652
Info in <DumpRuns>: Dumped run 14653
Info in <DumpRuns>: Dumped run 14654
Info in <DumpRuns>: Dumped run 14655
Info in <DumpRuns>: Dumped run 14656
Info in <DumpRuns>: Dumped run 14657
Info in <DumpRuns>: Dumped run 14658
Info in <DumpRuns>: Dumped run 14659
Info in <DumpRuns>: Dumped run 14660
Info in <DumpRuns>: Dumped run 14661
Info in <DumpRuns>: Dumped run 14662
Info in <DumpRuns>: Dumped run 14663
Info in <DumpRuns>: Dumped run 14664
Info in <DumpRuns>: Dumped run 14670
Info in <DumpRuns>: Dumped run 14671
Info in <DumpRuns>: Dumped run 14672
Info in <DumpRuns>: Dumped run 14673
Info in <DumpRuns>: Dumped run 14674
Info in <DumpRuns>: Dumped run 14675
Info in <DumpRuns>: Dumped run 14676
Info in <DumpRuns>: Dumped run 14677
Info in <DumpRuns>: Dumped run 14678
Info in <DumpRuns>: Dumped run 14679
Info in <DumpRuns>: Dumped run 14680
Info in <DumpRuns>: Dumped run 14681
Info in <DumpRuns>: Dumped run 14682
Info in <DumpRuns>: Dumped run 14683
Info in <DumpRuns>: Dumped run 14684
Info in <DumpRuns>: Dumped run 14685
Info in <DumpRuns>: Dumped run 14686
Info in <DumpRuns>: Dumped run 14687
Info in <DumpRuns>: Dumped run 14688
Info in <DumpRuns>: Dumped run 14689
Info in <DumpRuns>: Dumped run 14690
Info in <DumpRuns>: Dumped run 14691
Info in <DumpRuns>: Dumped run 14692
Info in <DumpRuns>: Dumped run 14693
Info in <DumpRuns>: Dumped run 14694
Info in <DumpRuns>: Dumped run 14695
Info in <DumpRuns>: Dumped run 14696
Info in <DumpRuns>: Dumped run 14697
Info in <DumpRuns>: Dumped run 14698
Info in <DumpRuns>: Dumped run 14699
Info in <DumpRuns>: Dumped run 14700
Info in <DumpRuns>: Dumped run 14701
Info in <DumpRuns>: Dumped run 14702
Info in <DumpRuns>: Dumped run 14703
Info in <DumpRuns>: Dumped run 14704
Info in <DumpRuns>: Dumped run 14705
Info in <DumpRuns>: Dumped run 14706
Info in <DumpRuns>: Dumped run 14707
Info in <DumpRuns>: Dumped run 14708
Info in <DumpRuns>: Dumped run 14709
Info in <DumpRuns>: Dumped run 14710
Info in <DumpRuns>: Dumped run 14711
Info in <DumpRuns>: Dumped run 14712
Info in <DumpRuns>: Dumped run 14713
Info in <DumpRuns>: Dumped run 14714
Info in <DumpRuns>: Dumped run 14715
Info in <DumpRuns>: Dumped run 14716
Info in <DumpRuns>: Dumped run 14717
Info in <DumpRuns>: Dumped run 14718
Info in <DumpRuns>: Dumped run 14719
Info in <DumpRuns>: Dumped run 14720
Info in <DumpRuns>: Dumped run 14721
Info in <DumpRuns>: Dumped run 14722
Info in <DumpRuns>: Dumped run 14723
Info in <DumpRuns>: Dumped run 14724
Info in <DumpRuns>: Dumped run 14725
Info in <DumpRuns>: Dumped run 14726
Info in <DumpRuns>: Dumped run 14727
Info in <DumpRuns>: Dumped run 14728
Info in <DumpRuns>: Dumped run 14729
Info in <DumpRuns>: Dumped run 14730
Info in <DumpRuns>: Dumped run 14731
Info in <DumpRuns>: Dumped run 14732
Info in <DumpRuns>: Dumped run 14733
Info in <DumpRuns>: Dumped run 14734
Info in <DumpRuns>: Dumped run 14735
Info in <DumpRuns>: Dumped run 14736
Info in <DumpRuns>: Dumped run 14737
Info in <DumpRuns>: Dumped run 14738
Info in <DumpRuns>: Dumped run 14739
Info in <DumpRuns>: Dumped run 14740
Info in <DumpRuns>: Dumped run 14741
Info in <DumpRuns>: Dumped run 14742
Info in <DumpRuns>: Dumped run 14743
Info in <DumpRuns>: Dumped run 14744
Info in <DumpRuns>: Dumped run 14745
Info in <DumpRuns>: Dumped run 14746
Info in <DumpRuns>: Dumped run 14747
Info in <DumpRuns>: Dumped run 14748
Info in <DumpRuns>: Dumped run 14749
Info in <DumpRuns>: Dumped run 14753
Info in <DumpRuns>: Dumped run 14754
Info in <DumpRuns>: Dumped run 14755
Info in <DumpRuns>: Dumped run 14756
Info in <DumpRuns>: Dumped run 14757
Info in <DumpRuns>: Dumped run 14758
Info in <DumpRuns>: Dumped run 14759
Info in <DumpRuns>: Dumped run 14760
Info in <DumpRuns>: Dumped run 14761
Info in <DumpRuns>: Dumped run 14762
Info in <DumpRuns>: Dumped run 14763
Info in <DumpRuns>: Dumped run 14764
Info in <DumpRuns>: Dumped run 14765
Info in <DumpRuns>: Dumped run 14766
Info in <DumpRuns>: Dumped run 14767
Info in <DumpRuns>: Dumped run 14768
Info in <DumpRuns>: Dumped run 14769
Info in <DumpRuns>: Dumped run 14770
Info in <DumpRuns>: Dumped run 14771
Info in <DumpRuns>: Dumped run 14777
Info in <DumpRuns>: Dumped run 14778
Info in <DumpRuns>: Dumped run 14779
Info in <DumpRuns>: Dumped run 14780
Info in <DumpRuns>: Dumped run 14781
Info in <DumpRuns>: Dumped run 14782
Info in <DumpRuns>: Dumped run 14783
Info in <DumpRuns>: Dumped run 14784
Info in <DumpRuns>: Dumped run 14785
Info in <DumpRuns>: Dumped run 14786
Info in <DumpRuns>: Dumped run 14787
Info in <DumpRuns>: Dumped run 14788
Info in <DumpRuns>: Dumped run 14789
Info in <DumpRuns>: Dumped run 14790
Info in <DumpRuns>: Dumped run 14791
Info in <DumpRuns>: Dumped run 14792
Info in <DumpRuns>: Dumped run 14793
Info in <DumpRuns>: Dumped run 14794
Info in <DumpRuns>: Dumped run 14795
Info in <DumpRuns>: Dumped run 14796
Info in <DumpRuns>: Dumped run 14797
Info in <DumpRuns>: Dumped run 14798
Info in <DumpRuns>: Dumped run 14799
Info in <DumpRuns>: Dumped run 14800
Info in <DumpRuns>: Dumped run 14801
Info in <DumpRuns>: Dumped run 14802
Info in <DumpRuns>: Dumped run 14803
Info in <DumpRuns>: Dumped run 14804
Info in <DumpRuns>: Dumped run 14805
Info in <DumpRuns>: Dumped run 14806
Info in <DumpRuns>: Dumped run 14807
Info in <DumpRuns>: Dumped run 14808
Info in <DumpRuns>: Dumped run 14809
Info in <DumpRuns>: Dumped run 14810
Info in <DumpRuns>: Dumped run 14811
Info in <DumpRuns>: Dumped run 14812
Info in <DumpRuns>: Dumped run 14813
Info in <DumpRuns>: Dumped run 14814
Info in <DumpRuns>: Dumped run 14815
Info in <DumpRuns>: Dumped run 14816
Info in <DumpRuns>: Dumped run 14817
Info in <DumpRuns>: Dumped run 14818
Info in <DumpRuns>: Dumped run 14819
Info in <DumpRuns>: Dumped run 14820
Info in <DumpRuns>: Dumped run 14821
Info in <DumpRuns>: Dumped run 14822
Info in <DumpRuns>: Dumped run 14823
Info in <DumpRuns>: Dumped run 14824
Info in <DumpRuns>: Dumped run 14825
Info in <DumpRuns>: Dumped run 14826
Info in <DumpRuns>: Dumped run 14827
Info in <DumpRuns>: Dumped run 14828
Info in <DumpRuns>: Dumped run 14829
Info in <DumpRuns>: Dumped run 14830
Info in <DumpRuns>: Dumped run 14831
Info in <DumpRuns>: Dumped run 14832
Info in <DumpRuns>: Dumped run 14833
Info in <DumpRuns>: Dumped run 14834
Info in <DumpRuns>: Dumped run 14835
Info in <DumpRuns>: Dumped run 14836
Info in <DumpRuns>: Dumped run 14837
Info in <DumpRuns>: Dumped run 14838
Info in <DumpRuns>: Dumped run 14839
Info in <DumpRuns>: Dumped run 14840
Info in <DumpRuns>: Dumped run 14841
Info in <DumpRuns>: Dumped run 14842
Info in <DumpRuns>: Dumped run 14843
Info in <DumpRuns>: Dumped run 14844
Info in <DumpRuns>: Dumped run 14845
Info in <DumpRuns>: Dumped run 14846
Info in <DumpRuns>: Dumped run 14847
Info in <DumpRuns>: Dumped run 14848
Info in <DumpRuns>: Dumped run 14849
Info in <DumpRuns>: Dumped run 14850
Info in <DumpRuns>: Dumped run 14851
Info in <DumpRuns>: Dumped run 14852
Info in <DumpRuns>: Dumped run 14853
Info in <DumpRuns>: Dumped run 14854
Info in <DumpRuns>: Dumped run 14855
Info in <DumpRuns>: Dumped run 14856
Info in <DumpRuns>: Dumped run 14857
Info in <DumpRuns>: Dumped run 14858
Info in <DumpRuns>: Dumped run 14859
Info in <DumpRuns>: Dumped run 14860
Info in <DumpRuns>: Dumped run 14861
Info in <DumpRuns>: Dumped run 14862
Info in <DumpRuns>: Dumped run 14863
Info in <DumpRuns>: Dumped run 14864
Info in <DumpRuns>: Dumped run 14865
Info in <DumpRuns>: Dumped run 14866
Info in <DumpRuns>: Dumped run 14867
Info in <DumpRuns>: Dumped run 14868
Info in <DumpRuns>: Dumped run 14869
Info in <DumpRuns>: Dumped run 14870
Info in <DumpRuns>: Dumped run 14871
Info in <DumpRuns>: Dumped run 14872
Info in <DumpRuns>: Dumped run 14873
Info in <DumpRuns>: Dumped run 14874
Info in <DumpRuns>: Dumped run 14875
Info in <DumpRuns>: Dumped run 14876
Info in <DumpRuns>: Dumped run 14877
Info in <DumpRuns>: Dumped run 14878
Info in <DumpRuns>: Dumped run 14879
Info in <DumpRuns>: Dumped run 14880
Info in <DumpRuns>: Dumped run 14881
Info in <DumpRuns>: Dumped run 14882
Info in <DumpRuns>: Dumped run 14883
Info in <DumpRuns>: Dumped run 14884
Info in <DumpRuns>: Dumped run 14885
Info in <DumpRuns>: Dumped run 14886
Info in <DumpRuns>: Dumped run 14887
Info in <DumpRuns>: Dumped run 14888
Info in <DumpRuns>: Dumped run 14893
Info in <DumpRuns>: Dumped run 14894
Info in <DumpRuns>: Dumped run 14895
Info in <DumpRuns>: Dumped run 14896
Info in <DumpRuns>: Dumped run 14897
Info in <DumpRuns>: Dumped run 14898
Info in <DumpRuns>: Dumped run 14899
Info in <DumpRuns>: Dumped run 14900
Info in <DumpRuns>: Dumped run 14901
Info in <DumpRuns>: Dumped run 14902
Info in <DumpRuns>: Dumped run 14903
Info in <DumpRuns>: Dumped run 14904
Info in <DumpRuns>: Dumped run 14905
Info in <DumpRuns>: Dumped run 14906
Info in <DumpRuns>: Dumped run 14907
Info in <DumpRuns>: Dumped run 14908
Info in <DumpRuns>: Dumped run 14910
Info in <DumpRuns>: Dumped run 14911
Info in <DumpRuns>: Dumped run 14912
Info in <DumpRuns>: Dumped run 14913
Info in <DumpRuns>: Dumped run 14914
Info in <DumpRuns>: Dumped run 14915
Info in <DumpRuns>: Dumped run 14916
Info in <DumpRuns>: Dumped run 14917
Info in <DumpRuns>: Dumped run 14918
Info in <DumpRuns>: Dumped run 14919
Info in <DumpRuns>: Dumped run 14920
Info in <DumpRuns>: Dumped run 14921
Info in <DumpRuns>: Dumped run 14922
Info in <DumpRuns>: Dumped run 14923
Info in <DumpRuns>: Dumped run 14924
Info in <DumpRuns>: Dumped run 14925
Info in <DumpRuns>: Dumped run 14926
Info in <DumpRuns>: Dumped run 14927
Info in <DumpRuns>: Dumped run 14928
Info in <DumpRuns>: Dumped run 14929
Info in <DumpRuns>: Dumped run 14930
Info in <DumpRuns>: Dumped run 14931
Info in <DumpRuns>: Dumped run 14932
Info in <DumpRuns>: Dumped run 14933
Info in <DumpRuns>: Dumped run 14934
Info in <DumpRuns>: Dumped run 14935
Info in <DumpRuns>: Dumped run 14936
Info in <DumpRuns>: Dumped run 14937
Info in <DumpRuns>: Dumped run 14938
Info in <DumpRuns>: Dumped run 14939
Info in <DumpRuns>: Dumped run 14940
Info in <DumpRuns>: Dumped run 14941
Info in <DumpRuns>: Dumped run 14942
Info in <DumpRuns>: Dumped run 14943
Info in <DumpRuns>: Dumped run 14944
Info in <DumpRuns>: Dumped run 14945
Info in <DumpRuns>: Dumped run 14946
Info in <DumpRuns>: Dumped run 14947
Info in <DumpRuns>: Dumped run 14948
Info in <DumpRuns>: Dumped run 14949
Info in <DumpRuns>: Dumped run 14950
Info in <DumpRuns>: Dumped run 14951
Info in <DumpRuns>: Dumped run 14952
Info in <DumpRuns>: Dumped run 14954
Info in <DumpRuns>: Dumped run 14955
Info in <DumpRuns>: Dumped run 14956
Info in <DumpRuns>: Dumped run 14957
Info in <DumpRuns>: Dumped run 14958
Info in <DumpRuns>: Dumped run 999999
